Started GET "/" for 188.220.227.0 at 2016-03-24 20:42:26 +0000
Processing by StaticPagesController#home as HTML
  [1m[36mUser Load (0.5ms)[0m  [1mSELECT  `users`.* FROM `users` WHERE `users`.`remember_token` = ? LIMIT 1[0m  [["remember_token", "da39a3ee5e6b4b0d3255bfef95601890afd80709"]]
  [1m[35mCACHE (0.0ms)[0m  SELECT  `users`.* FROM `users` WHERE `users`.`remember_token` = ? LIMIT 1  [["remember_token", "da39a3ee5e6b4b0d3255bfef95601890afd80709"]]
  Rendered static_pages/home.html.erb within layouts/application (2.9ms)
  Rendered layouts/_shim.html.erb (0.6ms)
  [1m[36mCACHE (0.0ms)[0m  [1mSELECT  `users`.* FROM `users` WHERE `users`.`remember_token` = ? LIMIT 1[0m  [["remember_token", "da39a3ee5e6b4b0d3255bfef95601890afd80709"]]
  Rendered layouts/_header.html.erb (4.0ms)
  Rendered layouts/_footer.html.erb (1.3ms)
Completed 200 OK in 78ms (Views: 34.1ms | ActiveRecord: 1.9ms)
Started GET "/" for 188.220.227.0 at 2016-03-24 20:42:44 +0000
Processing by StaticPagesController#home as HTML
  [1m[36mUser Load (0.5ms)[0m  [1mSELECT  `users`.* FROM `users` WHERE `users`.`remember_token` = ? LIMIT 1[0m  [["remember_token", "da39a3ee5e6b4b0d3255bfef95601890afd80709"]]
  [1m[35mCACHE (0.0ms)[0m  SELECT  `users`.* FROM `users` WHERE `users`.`remember_token` = ? LIMIT 1  [["remember_token", "da39a3ee5e6b4b0d3255bfef95601890afd80709"]]
  Rendered static_pages/home.html.erb within layouts/application (15.1ms)
  Rendered layouts/_shim.html.erb (0.6ms)
  [1m[36mCACHE (0.0ms)[0m  [1mSELECT  `users`.* FROM `users` WHERE `users`.`remember_token` = ? LIMIT 1[0m  [["remember_token", "da39a3ee5e6b4b0d3255bfef95601890afd80709"]]
  Rendered layouts/_header.html.erb (4.1ms)
  Rendered layouts/_footer.html.erb (1.4ms)
Completed 200 OK in 79ms (Views: 30.1ms | ActiveRecord: 2.0ms)
Started GET "/" for 188.220.227.0 at 2016-03-24 20:42:49 +0000
Processing by StaticPagesController#home as HTML
  [1m[35mUser Load (0.2ms)[0m  SELECT  `users`.* FROM `users` WHERE `users`.`remember_token` = ? LIMIT 1  [["remember_token", "da39a3ee5e6b4b0d3255bfef95601890afd80709"]]
  [1m[36mCACHE (0.0ms)[0m  [1mSELECT  `users`.* FROM `users` WHERE `users`.`remember_token` = ? LIMIT 1[0m  [["remember_token", "da39a3ee5e6b4b0d3255bfef95601890afd80709"]]
  Rendered static_pages/home.html.erb within layouts/application (50.3ms)
  Rendered layouts/_shim.html.erb (8.6ms)
  [1m[35mCACHE (0.0ms)[0m  SELECT  `users`.* FROM `users` WHERE `users`.`remember_token` = ? LIMIT 1  [["remember_token", "da39a3ee5e6b4b0d3255bfef95601890afd80709"]]
  Rendered layouts/_header.html.erb (1.9ms)
  Rendered layouts/_footer.html.erb (0.5ms)
Completed 200 OK in 67ms (Views: 65.2ms | ActiveRecord: 0.3ms)
Started GET "/signin" for 188.220.227.0 at 2016-03-24 20:42:50 +0000
Processing by SessionsController#new as HTML
  Rendered sessions/new.html.erb within layouts/application (740.8ms)
  Rendered layouts/_shim.html.erb (0.3ms)
  [1m[35mUser Load (0.2ms)[0m  SELECT  `users`.* FROM `users` WHERE `users`.`remember_token` = ? LIMIT 1  [["remember_token", "da39a3ee5e6b4b0d3255bfef95601890afd80709"]]
  Rendered layouts/_header.html.erb (1.4ms)
  Rendered layouts/_footer.html.erb (0.4ms)
Completed 200 OK in 792ms (Views: 791.6ms | ActiveRecord: 0.2ms)
Started GET "/" for 188.220.227.0 at 2016-03-24 20:42:53 +0000
Processing by StaticPagesController#home as HTML
  [1m[36mUser Load (0.2ms)[0m  [1mSELECT  `users`.* FROM `users` WHERE `users`.`remember_token` = ? LIMIT 1[0m  [["remember_token", "da39a3ee5e6b4b0d3255bfef95601890afd80709"]]
  [1m[35mCACHE (0.0ms)[0m  SELECT  `users`.* FROM `users` WHERE `users`.`remember_token` = ? LIMIT 1  [["remember_token", "da39a3ee5e6b4b0d3255bfef95601890afd80709"]]
  Rendered static_pages/home.html.erb within layouts/application (0.4ms)
  Rendered layouts/_shim.html.erb (0.0ms)
  [1m[36mCACHE (0.0ms)[0m  [1mSELECT  `users`.* FROM `users` WHERE `users`.`remember_token` = ? LIMIT 1[0m  [["remember_token", "da39a3ee5e6b4b0d3255bfef95601890afd80709"]]
  Rendered layouts/_header.html.erb (0.7ms)
  Rendered layouts/_footer.html.erb (0.2ms)
Completed 200 OK in 4ms (Views: 2.9ms | ActiveRecord: 0.2ms)
Started GET "/signin" for 188.220.227.0 at 2016-03-24 20:42:54 +0000
Processing by SessionsController#new as HTML
  Rendered sessions/new.html.erb within layouts/application (1.1ms)
  Rendered layouts/_shim.html.erb (0.0ms)
  [1m[36mUser Load (0.2ms)[0m  [1mSELECT  `users`.* FROM `users` WHERE `users`.`remember_token` = ? LIMIT 1[0m  [["remember_token", "da39a3ee5e6b4b0d3255bfef95601890afd80709"]]
  Rendered layouts/_header.html.erb (0.7ms)
  Rendered layouts/_footer.html.erb (0.2ms)
Completed 200 OK in 3ms (Views: 2.9ms | ActiveRecord: 0.2ms)
Started GET "/fixtures" for 188.220.227.0 at 2016-03-24 20:42:55 +0000
Processing by StaticPagesController#fixtures as HTML
  Rendered static_pages/fixtures.html.erb within layouts/application (0.6ms)
  Rendered layouts/_shim.html.erb (0.0ms)
  [1m[35mUser Load (0.2ms)[0m  SELECT  `users`.* FROM `users` WHERE `users`.`remember_token` = ? LIMIT 1  [["remember_token", "da39a3ee5e6b4b0d3255bfef95601890afd80709"]]
  Rendered layouts/_header.html.erb (1.1ms)
  Rendered layouts/_footer.html.erb (0.3ms)
Completed 200 OK in 5ms (Views: 4.2ms | ActiveRecord: 0.2ms)
Started GET "/" for 188.220.227.0 at 2016-03-24 20:42:57 +0000
Processing by StaticPagesController#home as HTML
  [1m[35mUser Load (0.2ms)[0m  SELECT  `users`.* FROM `users` WHERE `users`.`remember_token` = ? LIMIT 1  [["remember_token", "da39a3ee5e6b4b0d3255bfef95601890afd80709"]]
  [1m[36mCACHE (0.0ms)[0m  [1mSELECT  `users`.* FROM `users` WHERE `users`.`remember_token` = ? LIMIT 1[0m  [["remember_token", "da39a3ee5e6b4b0d3255bfef95601890afd80709"]]
  Rendered static_pages/home.html.erb within layouts/application (0.9ms)
  Rendered layouts/_shim.html.erb (0.0ms)
  [1m[35mCACHE (0.0ms)[0m  SELECT  `users`.* FROM `users` WHERE `users`.`remember_token` = ? LIMIT 1  [["remember_token", "da39a3ee5e6b4b0d3255bfef95601890afd80709"]]
  Rendered layouts/_header.html.erb (0.5ms)
  Rendered layouts/_footer.html.erb (0.1ms)
Completed 200 OK in 4ms (Views: 3.0ms | ActiveRecord: 0.2ms)
Started GET "/" for 188.220.227.0 at 2016-03-24 20:44:29 +0000
Processing by StaticPagesController#home as HTML
  [1m[36mUser Load (0.2ms)[0m  [1mSELECT  `users`.* FROM `users` WHERE `users`.`remember_token` = ? LIMIT 1[0m  [["remember_token", "da39a3ee5e6b4b0d3255bfef95601890afd80709"]]
  [1m[35mCACHE (0.0ms)[0m  SELECT  `users`.* FROM `users` WHERE `users`.`remember_token` = ? LIMIT 1  [["remember_token", "da39a3ee5e6b4b0d3255bfef95601890afd80709"]]
  Rendered static_pages/home.html.erb within layouts/application (0.3ms)
  Rendered layouts/_shim.html.erb (0.0ms)
  [1m[36mCACHE (0.3ms)[0m  [1mSELECT  `users`.* FROM `users` WHERE `users`.`remember_token` = ? LIMIT 1[0m  [["remember_token", "da39a3ee5e6b4b0d3255bfef95601890afd80709"]]
  Rendered layouts/_header.html.erb (1.0ms)
  Rendered layouts/_footer.html.erb (0.4ms)
Completed 200 OK in 12ms (Views: 11.3ms | ActiveRecord: 0.5ms)
Started GET "/" for 188.220.227.0 at 2016-03-24 20:44:47 +0000
Processing by StaticPagesController#home as */*
  [1m[36mUser Load (0.2ms)[0m  [1mSELECT  `users`.* FROM `users` WHERE `users`.`remember_token` = ? LIMIT 1[0m  [["remember_token", "da39a3ee5e6b4b0d3255bfef95601890afd80709"]]
  [1m[35mCACHE (0.0ms)[0m  SELECT  `users`.* FROM `users` WHERE `users`.`remember_token` = ? LIMIT 1  [["remember_token", "da39a3ee5e6b4b0d3255bfef95601890afd80709"]]
  Rendered static_pages/home.html.erb within layouts/application (0.9ms)
  Rendered layouts/_shim.html.erb (0.2ms)
  [1m[36mCACHE (0.0ms)[0m  [1mSELECT  `users`.* FROM `users` WHERE `users`.`remember_token` = ? LIMIT 1[0m  [["remember_token", "da39a3ee5e6b4b0d3255bfef95601890afd80709"]]
  Rendered layouts/_header.html.erb (1.0ms)
  Rendered layouts/_footer.html.erb (0.4ms)
Completed 200 OK in 20ms (Views: 19.2ms | ActiveRecord: 0.2ms)
Started GET "/" for 188.220.227.0 at 2016-03-24 20:44:54 +0000
Processing by StaticPagesController#home as */*
  [1m[35mUser Load (8.3ms)[0m  SELECT  `users`.* FROM `users` WHERE `users`.`remember_token` = ? LIMIT 1  [["remember_token", "da39a3ee5e6b4b0d3255bfef95601890afd80709"]]
  [1m[36mCACHE (0.0ms)[0m  [1mSELECT  `users`.* FROM `users` WHERE `users`.`remember_token` = ? LIMIT 1[0m  [["remember_token", "da39a3ee5e6b4b0d3255bfef95601890afd80709"]]
  Rendered static_pages/home.html.erb within layouts/application (1.5ms)
  Rendered layouts/_shim.html.erb (0.5ms)
  [1m[35mCACHE (0.0ms)[0m  SELECT  `users`.* FROM `users` WHERE `users`.`remember_token` = ? LIMIT 1  [["remember_token", "da39a3ee5e6b4b0d3255bfef95601890afd80709"]]
  Rendered layouts/_header.html.erb (2.3ms)
  Rendered layouts/_footer.html.erb (0.9ms)
Completed 200 OK in 32ms (Views: 23.3ms | ActiveRecord: 8.3ms)
Started GET "/" for 188.220.227.0 at 2016-03-24 20:47:44 +0000
Processing by StaticPagesController#home as HTML
  [1m[35mUser Load (0.2ms)[0m  SELECT  `users`.* FROM `users` WHERE `users`.`remember_token` = ? LIMIT 1  [["remember_token", "da39a3ee5e6b4b0d3255bfef95601890afd80709"]]
  [1m[36mCACHE (0.0ms)[0m  [1mSELECT  `users`.* FROM `users` WHERE `users`.`remember_token` = ? LIMIT 1[0m  [["remember_token", "da39a3ee5e6b4b0d3255bfef95601890afd80709"]]
  Rendered static_pages/home.html.erb within layouts/application (0.3ms)
  Rendered layouts/_shim.html.erb (0.0ms)
  [1m[35mCACHE (0.0ms)[0m  SELECT  `users`.* FROM `users` WHERE `users`.`remember_token` = ? LIMIT 1  [["remember_token", "da39a3ee5e6b4b0d3255bfef95601890afd80709"]]
  Rendered layouts/_header.html.erb (0.4ms)
  Rendered layouts/_footer.html.erb (0.1ms)
Completed 200 OK in 3ms (Views: 1.9ms | ActiveRecord: 0.2ms)
Started GET "/" for 188.220.227.0 at 2016-03-24 20:47:51 +0000
Processing by StaticPagesController#home as HTML
  [1m[36mUser Load (0.2ms)[0m  [1mSELECT  `users`.* FROM `users` WHERE `users`.`remember_token` = ? LIMIT 1[0m  [["remember_token", "da39a3ee5e6b4b0d3255bfef95601890afd80709"]]
  [1m[35mCACHE (0.0ms)[0m  SELECT  `users`.* FROM `users` WHERE `users`.`remember_token` = ? LIMIT 1  [["remember_token", "da39a3ee5e6b4b0d3255bfef95601890afd80709"]]
  Rendered static_pages/home.html.erb within layouts/application (0.3ms)
  Rendered layouts/_shim.html.erb (0.0ms)
  [1m[36mCACHE (0.0ms)[0m  [1mSELECT  `users`.* FROM `users` WHERE `users`.`remember_token` = ? LIMIT 1[0m  [["remember_token", "da39a3ee5e6b4b0d3255bfef95601890afd80709"]]
  Rendered layouts/_header.html.erb (0.5ms)
  Rendered layouts/_footer.html.erb (12.4ms)
Completed 200 OK in 16ms (Views: 14.9ms | ActiveRecord: 0.2ms)
Started GET "/" for 188.220.227.0 at 2016-03-24 20:48:00 +0000
Processing by StaticPagesController#home as HTML
  [1m[36mUser Load (0.1ms)[0m  [1mSELECT  `users`.* FROM `users` WHERE `users`.`remember_token` = ? LIMIT 1[0m  [["remember_token", "da39a3ee5e6b4b0d3255bfef95601890afd80709"]]
  [1m[35mCACHE (0.0ms)[0m  SELECT  `users`.* FROM `users` WHERE `users`.`remember_token` = ? LIMIT 1  [["remember_token", "da39a3ee5e6b4b0d3255bfef95601890afd80709"]]
  Rendered static_pages/home.html.erb within layouts/application (0.3ms)
  Rendered layouts/_shim.html.erb (0.0ms)
  [1m[36mCACHE (0.0ms)[0m  [1mSELECT  `users`.* FROM `users` WHERE `users`.`remember_token` = ? LIMIT 1[0m  [["remember_token", "da39a3ee5e6b4b0d3255bfef95601890afd80709"]]
  Rendered layouts/_header.html.erb (0.4ms)
  Rendered layouts/_footer.html.erb (0.3ms)
Completed 200 OK in 3ms (Views: 2.0ms | ActiveRecord: 0.2ms)
Started GET "/" for 188.220.227.0 at 2016-03-24 20:48:24 +0000
Processing by StaticPagesController#home as HTML
  [1m[35mUser Load (0.2ms)[0m  SELECT  `users`.* FROM `users` WHERE `users`.`remember_token` = ? LIMIT 1  [["remember_token", "da39a3ee5e6b4b0d3255bfef95601890afd80709"]]
  [1m[36mCACHE (0.0ms)[0m  [1mSELECT  `users`.* FROM `users` WHERE `users`.`remember_token` = ? LIMIT 1[0m  [["remember_token", "da39a3ee5e6b4b0d3255bfef95601890afd80709"]]
  Rendered static_pages/home.html.erb within layouts/application (0.3ms)
  Rendered layouts/_shim.html.erb (0.0ms)
  [1m[35mCACHE (0.0ms)[0m  SELECT  `users`.* FROM `users` WHERE `users`.`remember_token` = ? LIMIT 1  [["remember_token", "da39a3ee5e6b4b0d3255bfef95601890afd80709"]]
  Rendered layouts/_header.html.erb (0.6ms)
  Rendered layouts/_footer.html.erb (0.1ms)
Completed 200 OK in 3ms (Views: 2.3ms | ActiveRecord: 0.2ms)
Started GET "/" for 188.220.227.0 at 2016-03-24 20:49:03 +0000
Processing by StaticPagesController#home as HTML
  [1m[35mUser Load (0.2ms)[0m  SELECT  `users`.* FROM `users` WHERE `users`.`remember_token` = ? LIMIT 1  [["remember_token", "da39a3ee5e6b4b0d3255bfef95601890afd80709"]]
  [1m[36mCACHE (0.0ms)[0m  [1mSELECT  `users`.* FROM `users` WHERE `users`.`remember_token` = ? LIMIT 1[0m  [["remember_token", "da39a3ee5e6b4b0d3255bfef95601890afd80709"]]
  Rendered static_pages/home.html.erb within layouts/application (0.3ms)
  Rendered layouts/_shim.html.erb (0.0ms)
  [1m[35mCACHE (0.0ms)[0m  SELECT  `users`.* FROM `users` WHERE `users`.`remember_token` = ? LIMIT 1  [["remember_token", "da39a3ee5e6b4b0d3255bfef95601890afd80709"]]
  Rendered layouts/_header.html.erb (0.5ms)
  Rendered layouts/_footer.html.erb (0.1ms)
Completed 200 OK in 3ms (Views: 1.9ms | ActiveRecord: 0.2ms)
Started GET "/" for 188.220.227.0 at 2016-03-24 20:57:12 +0000
Processing by StaticPagesController#home as HTML
  [1m[36mUser Load (0.2ms)[0m  [1mSELECT  `users`.* FROM `users` WHERE `users`.`remember_token` = ? LIMIT 1[0m  [["remember_token", "da39a3ee5e6b4b0d3255bfef95601890afd80709"]]
  [1m[35mCACHE (0.0ms)[0m  SELECT  `users`.* FROM `users` WHERE `users`.`remember_token` = ? LIMIT 1  [["remember_token", "da39a3ee5e6b4b0d3255bfef95601890afd80709"]]
  Rendered static_pages/home.html.erb within layouts/application (0.3ms)
  Rendered layouts/_shim.html.erb (0.0ms)
  [1m[36mCACHE (0.0ms)[0m  [1mSELECT  `users`.* FROM `users` WHERE `users`.`remember_token` = ? LIMIT 1[0m  [["remember_token", "da39a3ee5e6b4b0d3255bfef95601890afd80709"]]
  Rendered layouts/_header.html.erb (0.7ms)
  Rendered layouts/_footer.html.erb (0.1ms)
Completed 200 OK in 4ms (Views: 2.6ms | ActiveRecord: 0.2ms)
Started GET "/" for 188.220.227.0 at 2016-03-24 20:57:14 +0000
Processing by StaticPagesController#home as HTML
  [1m[36mUser Load (0.2ms)[0m  [1mSELECT  `users`.* FROM `users` WHERE `users`.`remember_token` = ? LIMIT 1[0m  [["remember_token", "da39a3ee5e6b4b0d3255bfef95601890afd80709"]]
  [1m[35mCACHE (0.0ms)[0m  SELECT  `users`.* FROM `users` WHERE `users`.`remember_token` = ? LIMIT 1  [["remember_token", "da39a3ee5e6b4b0d3255bfef95601890afd80709"]]
  Rendered static_pages/home.html.erb within layouts/application (0.3ms)
  Rendered layouts/_shim.html.erb (0.0ms)
  [1m[36mCACHE (0.0ms)[0m  [1mSELECT  `users`.* FROM `users` WHERE `users`.`remember_token` = ? LIMIT 1[0m  [["remember_token", "da39a3ee5e6b4b0d3255bfef95601890afd80709"]]
  Rendered layouts/_header.html.erb (0.5ms)
  Rendered layouts/_footer.html.erb (0.1ms)
Completed 200 OK in 3ms (Views: 1.8ms | ActiveRecord: 0.2ms)
Started GET "/" for 188.220.227.0 at 2016-03-24 20:57:21 +0000
Processing by StaticPagesController#home as HTML
  [1m[35mUser Load (0.2ms)[0m  SELECT  `users`.* FROM `users` WHERE `users`.`remember_token` = ? LIMIT 1  [["remember_token", "da39a3ee5e6b4b0d3255bfef95601890afd80709"]]
  [1m[36mCACHE (0.0ms)[0m  [1mSELECT  `users`.* FROM `users` WHERE `users`.`remember_token` = ? LIMIT 1[0m  [["remember_token", "da39a3ee5e6b4b0d3255bfef95601890afd80709"]]
  Rendered static_pages/home.html.erb within layouts/application (0.5ms)
  Rendered layouts/_shim.html.erb (0.0ms)
  [1m[35mCACHE (0.0ms)[0m  SELECT  `users`.* FROM `users` WHERE `users`.`remember_token` = ? LIMIT 1  [["remember_token", "da39a3ee5e6b4b0d3255bfef95601890afd80709"]]
  Rendered layouts/_header.html.erb (0.5ms)
  Rendered layouts/_footer.html.erb (0.1ms)
Completed 200 OK in 3ms (Views: 2.3ms | ActiveRecord: 0.2ms)
Started GET "/" for 188.220.227.0 at 2016-03-24 21:00:30 +0000
Processing by StaticPagesController#home as HTML
  [1m[36mUser Load (0.4ms)[0m  [1mSELECT  `users`.* FROM `users` WHERE `users`.`remember_token` = ? LIMIT 1[0m  [["remember_token", "da39a3ee5e6b4b0d3255bfef95601890afd80709"]]
  [1m[35mCACHE (0.0ms)[0m  SELECT  `users`.* FROM `users` WHERE `users`.`remember_token` = ? LIMIT 1  [["remember_token", "da39a3ee5e6b4b0d3255bfef95601890afd80709"]]
  Rendered static_pages/home.html.erb within layouts/application (2.7ms)
  Rendered layouts/_shim.html.erb (0.4ms)
  [1m[36mCACHE (0.0ms)[0m  [1mSELECT  `users`.* FROM `users` WHERE `users`.`remember_token` = ? LIMIT 1[0m  [["remember_token", "da39a3ee5e6b4b0d3255bfef95601890afd80709"]]
  Rendered layouts/_header.html.erb (3.9ms)
  Rendered layouts/_footer.html.erb (1.5ms)
Completed 200 OK in 70ms (Views: 25.4ms | ActiveRecord: 2.1ms)
Started GET "/" for 188.220.227.0 at 2016-03-24 21:00:55 +0000
Processing by StaticPagesController#home as HTML
  [1m[36mUser Load (0.6ms)[0m  [1mSELECT  `users`.* FROM `users` WHERE `users`.`remember_token` = ? LIMIT 1[0m  [["remember_token", "da39a3ee5e6b4b0d3255bfef95601890afd80709"]]
  [1m[35mCACHE (0.0ms)[0m  SELECT  `users`.* FROM `users` WHERE `users`.`remember_token` = ? LIMIT 1  [["remember_token", "da39a3ee5e6b4b0d3255bfef95601890afd80709"]]
  Rendered static_pages/home.html.erb within layouts/application (2.9ms)
  Rendered layouts/_shim.html.erb (0.4ms)
  [1m[36mCACHE (0.0ms)[0m  [1mSELECT  `users`.* FROM `users` WHERE `users`.`remember_token` = ? LIMIT 1[0m  [["remember_token", "da39a3ee5e6b4b0d3255bfef95601890afd80709"]]
  Rendered layouts/_header.html.erb (16.3ms)
  Rendered layouts/_footer.html.erb (1.5ms)
Completed 200 OK in 84ms (Views: 38.5ms | ActiveRecord: 2.4ms)
Started GET "/" for 213.205.251.248 at 2016-03-24 21:02:27 +0000
Processing by StaticPagesController#home as HTML
  [1m[36mUser Load (0.2ms)[0m  [1mSELECT  `users`.* FROM `users` WHERE `users`.`remember_token` = ? LIMIT 1[0m  [["remember_token", "da39a3ee5e6b4b0d3255bfef95601890afd80709"]]
  [1m[35mCACHE (0.0ms)[0m  SELECT  `users`.* FROM `users` WHERE `users`.`remember_token` = ? LIMIT 1  [["remember_token", "da39a3ee5e6b4b0d3255bfef95601890afd80709"]]
  Rendered static_pages/home.html.erb within layouts/application (0.5ms)
  Rendered layouts/_shim.html.erb (0.0ms)
  [1m[36mCACHE (0.0ms)[0m  [1mSELECT  `users`.* FROM `users` WHERE `users`.`remember_token` = ? LIMIT 1[0m  [["remember_token", "da39a3ee5e6b4b0d3255bfef95601890afd80709"]]
  Rendered layouts/_header.html.erb (0.6ms)
  Rendered layouts/_footer.html.erb (0.1ms)
Completed 200 OK in 4ms (Views: 2.8ms | ActiveRecord: 0.2ms)
Started GET "/tables" for 213.205.251.248 at 2016-03-24 21:03:09 +0000
Processing by StaticPagesController#tables as HTML
  Rendered static_pages/tables.html.erb within layouts/application (40.7ms)
  Rendered layouts/_shim.html.erb (0.4ms)
  [1m[35mUser Load (0.2ms)[0m  SELECT  `users`.* FROM `users` WHERE `users`.`remember_token` = ? LIMIT 1  [["remember_token", "da39a3ee5e6b4b0d3255bfef95601890afd80709"]]
  Rendered layouts/_header.html.erb (2.4ms)
  Rendered layouts/_footer.html.erb (0.6ms)
Completed 200 OK in 57ms (Views: 55.9ms | ActiveRecord: 0.2ms)
Started GET "/fixtures" for 213.205.251.248 at 2016-03-24 21:03:12 +0000
Processing by StaticPagesController#fixtures as HTML
  Rendered static_pages/fixtures.html.erb within layouts/application (0.4ms)
  Rendered layouts/_shim.html.erb (0.0ms)
  [1m[35mUser Load (0.2ms)[0m  SELECT  `users`.* FROM `users` WHERE `users`.`remember_token` = ? LIMIT 1  [["remember_token", "da39a3ee5e6b4b0d3255bfef95601890afd80709"]]
  Rendered layouts/_header.html.erb (0.8ms)
  Rendered layouts/_footer.html.erb (0.1ms)
Completed 200 OK in 3ms (Views: 2.7ms | ActiveRecord: 0.2ms)
Started GET "/" for 188.220.227.0 at 2016-03-24 21:03:31 +0000
Processing by StaticPagesController#home as HTML
  [1m[35mUser Load (0.2ms)[0m  SELECT  `users`.* FROM `users` WHERE `users`.`remember_token` = ? LIMIT 1  [["remember_token", "da39a3ee5e6b4b0d3255bfef95601890afd80709"]]
  [1m[36mCACHE (0.0ms)[0m  [1mSELECT  `users`.* FROM `users` WHERE `users`.`remember_token` = ? LIMIT 1[0m  [["remember_token", "da39a3ee5e6b4b0d3255bfef95601890afd80709"]]
  Rendered static_pages/home.html.erb within layouts/application (0.5ms)
  Rendered layouts/_shim.html.erb (0.0ms)
  [1m[35mCACHE (0.0ms)[0m  SELECT  `users`.* FROM `users` WHERE `users`.`remember_token` = ? LIMIT 1  [["remember_token", "da39a3ee5e6b4b0d3255bfef95601890afd80709"]]
  Rendered layouts/_header.html.erb (0.7ms)
  Rendered layouts/_footer.html.erb (0.3ms)
Completed 200 OK in 4ms (Views: 2.6ms | ActiveRecord: 0.2ms)
Started GET "/tables" for 188.220.227.0 at 2016-03-24 21:16:28 +0000
Processing by StaticPagesController#tables as HTML
  Rendered static_pages/tables.html.erb within layouts/application (0.1ms)
  Rendered layouts/_shim.html.erb (0.2ms)
  [1m[36mUser Load (0.3ms)[0m  [1mSELECT  `users`.* FROM `users` WHERE `users`.`remember_token` = ? LIMIT 1[0m  [["remember_token", "da39a3ee5e6b4b0d3255bfef95601890afd80709"]]
  Rendered layouts/_header.html.erb (1.1ms)
  Rendered layouts/_footer.html.erb (0.1ms)
Completed 200 OK in 4ms (Views: 2.8ms | ActiveRecord: 0.3ms)
Started GET "/signin" for 188.220.227.0 at 2016-03-24 21:16:32 +0000
Processing by SessionsController#new as HTML
  Rendered sessions/new.html.erb within layouts/application (0.9ms)
  Rendered layouts/_shim.html.erb (0.0ms)
  [1m[36mUser Load (0.2ms)[0m  [1mSELECT  `users`.* FROM `users` WHERE `users`.`remember_token` = ? LIMIT 1[0m  [["remember_token", "da39a3ee5e6b4b0d3255bfef95601890afd80709"]]
  Rendered layouts/_header.html.erb (0.7ms)
  Rendered layouts/_footer.html.erb (0.2ms)
Completed 200 OK in 3ms (Views: 2.7ms | ActiveRecord: 0.2ms)
Started GET "/fixtures" for 188.220.227.0 at 2016-03-24 21:16:34 +0000
Processing by StaticPagesController#fixtures as HTML
  Rendered static_pages/fixtures.html.erb within layouts/application (0.1ms)
  Rendered layouts/_shim.html.erb (0.0ms)
  [1m[36mUser Load (0.2ms)[0m  [1mSELECT  `users`.* FROM `users` WHERE `users`.`remember_token` = ? LIMIT 1[0m  [["remember_token", "da39a3ee5e6b4b0d3255bfef95601890afd80709"]]
  Rendered layouts/_header.html.erb (1.0ms)
  Rendered layouts/_footer.html.erb (0.4ms)
Completed 200 OK in 3ms (Views: 2.3ms | ActiveRecord: 0.2ms)
Started GET "/" for 188.220.227.0 at 2016-03-24 21:16:35 +0000
Processing by StaticPagesController#home as HTML
  [1m[35mUser Load (0.2ms)[0m  SELECT  `users`.* FROM `users` WHERE `users`.`remember_token` = ? LIMIT 1  [["remember_token", "da39a3ee5e6b4b0d3255bfef95601890afd80709"]]
  [1m[36mCACHE (0.0ms)[0m  [1mSELECT  `users`.* FROM `users` WHERE `users`.`remember_token` = ? LIMIT 1[0m  [["remember_token", "da39a3ee5e6b4b0d3255bfef95601890afd80709"]]
  Rendered static_pages/home.html.erb within layouts/application (1.6ms)
  Rendered layouts/_shim.html.erb (0.0ms)
  [1m[35mCACHE (0.0ms)[0m  SELECT  `users`.* FROM `users` WHERE `users`.`remember_token` = ? LIMIT 1  [["remember_token", "da39a3ee5e6b4b0d3255bfef95601890afd80709"]]
  Rendered layouts/_header.html.erb (0.9ms)
  Rendered layouts/_footer.html.erb (0.3ms)
Completed 200 OK in 6ms (Views: 4.9ms | ActiveRecord: 0.2ms)
Started GET "/" for 188.223.196.86 at 2016-03-24 21:19:27 +0000
Processing by StaticPagesController#home as HTML
  [1m[35mUser Load (0.2ms)[0m  SELECT  `users`.* FROM `users` WHERE `users`.`remember_token` = ? LIMIT 1  [["remember_token", "da39a3ee5e6b4b0d3255bfef95601890afd80709"]]
  [1m[36mCACHE (0.0ms)[0m  [1mSELECT  `users`.* FROM `users` WHERE `users`.`remember_token` = ? LIMIT 1[0m  [["remember_token", "da39a3ee5e6b4b0d3255bfef95601890afd80709"]]
  Rendered static_pages/home.html.erb within layouts/application (0.5ms)
  Rendered layouts/_shim.html.erb (0.0ms)
  [1m[35mCACHE (0.0ms)[0m  SELECT  `users`.* FROM `users` WHERE `users`.`remember_token` = ? LIMIT 1  [["remember_token", "da39a3ee5e6b4b0d3255bfef95601890afd80709"]]
  Rendered layouts/_header.html.erb (0.5ms)
  Rendered layouts/_footer.html.erb (0.3ms)
Completed 200 OK in 3ms (Views: 2.4ms | ActiveRecord: 0.3ms)
Started GET "/" for 188.220.227.0 at 2016-03-24 21:25:18 +0000
Processing by StaticPagesController#home as HTML
  [1m[35mUser Load (0.2ms)[0m  SELECT  `users`.* FROM `users` WHERE `users`.`remember_token` = ? LIMIT 1  [["remember_token", "da39a3ee5e6b4b0d3255bfef95601890afd80709"]]
  [1m[36mCACHE (0.0ms)[0m  [1mSELECT  `users`.* FROM `users` WHERE `users`.`remember_token` = ? LIMIT 1[0m  [["remember_token", "da39a3ee5e6b4b0d3255bfef95601890afd80709"]]
  Rendered static_pages/home.html.erb within layouts/application (0.3ms)
  Rendered layouts/_shim.html.erb (0.2ms)
  [1m[35mCACHE (0.0ms)[0m  SELECT  `users`.* FROM `users` WHERE `users`.`remember_token` = ? LIMIT 1  [["remember_token", "da39a3ee5e6b4b0d3255bfef95601890afd80709"]]
  Rendered layouts/_header.html.erb (0.7ms)
  Rendered layouts/_footer.html.erb (0.2ms)
Completed 200 OK in 69ms (Views: 43.7ms | ActiveRecord: 0.3ms)
Started GET "/" for 188.220.227.0 at 2016-03-24 21:25:23 +0000
Processing by StaticPagesController#home as HTML
  [1m[35mUser Load (0.1ms)[0m  SELECT  `users`.* FROM `users` WHERE `users`.`remember_token` = ? LIMIT 1  [["remember_token", "da39a3ee5e6b4b0d3255bfef95601890afd80709"]]
  [1m[36mCACHE (0.0ms)[0m  [1mSELECT  `users`.* FROM `users` WHERE `users`.`remember_token` = ? LIMIT 1[0m  [["remember_token", "da39a3ee5e6b4b0d3255bfef95601890afd80709"]]
  Rendered static_pages/home.html.erb within layouts/application (0.3ms)
  Rendered layouts/_shim.html.erb (0.0ms)
  [1m[35mCACHE (0.0ms)[0m  SELECT  `users`.* FROM `users` WHERE `users`.`remember_token` = ? LIMIT 1  [["remember_token", "da39a3ee5e6b4b0d3255bfef95601890afd80709"]]
  Rendered layouts/_header.html.erb (0.4ms)
  Rendered layouts/_footer.html.erb (0.1ms)
Completed 200 OK in 3ms (Views: 2.0ms | ActiveRecord: 0.2ms)
Started GET "/" for 188.220.227.0 at 2016-03-24 21:25:28 +0000
Processing by StaticPagesController#home as HTML
  [1m[36mUser Load (0.2ms)[0m  [1mSELECT  `users`.* FROM `users` WHERE `users`.`remember_token` = ? LIMIT 1[0m  [["remember_token", "da39a3ee5e6b4b0d3255bfef95601890afd80709"]]
  [1m[35mCACHE (0.0ms)[0m  SELECT  `users`.* FROM `users` WHERE `users`.`remember_token` = ? LIMIT 1  [["remember_token", "da39a3ee5e6b4b0d3255bfef95601890afd80709"]]
  Rendered static_pages/home.html.erb within layouts/application (0.6ms)
  Rendered layouts/_shim.html.erb (0.0ms)
  [1m[36mCACHE (0.0ms)[0m  [1mSELECT  `users`.* FROM `users` WHERE `users`.`remember_token` = ? LIMIT 1[0m  [["remember_token", "da39a3ee5e6b4b0d3255bfef95601890afd80709"]]
  Rendered layouts/_header.html.erb (0.9ms)
  Rendered layouts/_footer.html.erb (0.3ms)
Completed 200 OK in 12ms (Views: 3.2ms | ActiveRecord: 0.2ms)
Started GET "/" for 188.220.227.0 at 2016-03-24 21:25:31 +0000
Processing by StaticPagesController#home as HTML
  [1m[36mUser Load (0.2ms)[0m  [1mSELECT  `users`.* FROM `users` WHERE `users`.`remember_token` = ? LIMIT 1[0m  [["remember_token", "da39a3ee5e6b4b0d3255bfef95601890afd80709"]]
  [1m[35mCACHE (0.0ms)[0m  SELECT  `users`.* FROM `users` WHERE `users`.`remember_token` = ? LIMIT 1  [["remember_token", "da39a3ee5e6b4b0d3255bfef95601890afd80709"]]
  Rendered static_pages/home.html.erb within layouts/application (0.3ms)
  Rendered layouts/_shim.html.erb (0.0ms)
  [1m[36mCACHE (0.0ms)[0m  [1mSELECT  `users`.* FROM `users` WHERE `users`.`remember_token` = ? LIMIT 1[0m  [["remember_token", "da39a3ee5e6b4b0d3255bfef95601890afd80709"]]
  Rendered layouts/_header.html.erb (0.5ms)
  Rendered layouts/_footer.html.erb (0.1ms)
Completed 200 OK in 3ms (Views: 2.2ms | ActiveRecord: 0.2ms)
Started GET "/" for 188.220.227.0 at 2016-03-24 21:25:34 +0000
Processing by StaticPagesController#home as HTML
  [1m[36mUser Load (0.2ms)[0m  [1mSELECT  `users`.* FROM `users` WHERE `users`.`remember_token` = ? LIMIT 1[0m  [["remember_token", "da39a3ee5e6b4b0d3255bfef95601890afd80709"]]
  [1m[35mCACHE (0.0ms)[0m  SELECT  `users`.* FROM `users` WHERE `users`.`remember_token` = ? LIMIT 1  [["remember_token", "da39a3ee5e6b4b0d3255bfef95601890afd80709"]]
  Rendered static_pages/home.html.erb within layouts/application (0.3ms)
  Rendered layouts/_shim.html.erb (0.0ms)
  [1m[36mCACHE (0.0ms)[0m  [1mSELECT  `users`.* FROM `users` WHERE `users`.`remember_token` = ? LIMIT 1[0m  [["remember_token", "da39a3ee5e6b4b0d3255bfef95601890afd80709"]]
  Rendered layouts/_header.html.erb (0.6ms)
  Rendered layouts/_footer.html.erb (0.1ms)
Completed 200 OK in 4ms (Views: 3.3ms | ActiveRecord: 0.2ms)
Started GET "/" for 188.220.227.0 at 2016-03-24 21:25:36 +0000
Processing by StaticPagesController#home as HTML
  [1m[36mUser Load (0.2ms)[0m  [1mSELECT  `users`.* FROM `users` WHERE `users`.`remember_token` = ? LIMIT 1[0m  [["remember_token", "da39a3ee5e6b4b0d3255bfef95601890afd80709"]]
  [1m[35mCACHE (0.0ms)[0m  SELECT  `users`.* FROM `users` WHERE `users`.`remember_token` = ? LIMIT 1  [["remember_token", "da39a3ee5e6b4b0d3255bfef95601890afd80709"]]
  Rendered static_pages/home.html.erb within layouts/application (0.5ms)
  Rendered layouts/_shim.html.erb (0.0ms)
  [1m[36mCACHE (0.0ms)[0m  [1mSELECT  `users`.* FROM `users` WHERE `users`.`remember_token` = ? LIMIT 1[0m  [["remember_token", "da39a3ee5e6b4b0d3255bfef95601890afd80709"]]
  Rendered layouts/_header.html.erb (0.7ms)
  Rendered layouts/_footer.html.erb (0.1ms)
Completed 200 OK in 4ms (Views: 2.6ms | ActiveRecord: 0.3ms)
Started GET "/" for 188.220.227.0 at 2016-03-24 21:25:56 +0000
Processing by StaticPagesController#home as HTML
  [1m[35mUser Load (0.2ms)[0m  SELECT  `users`.* FROM `users` WHERE `users`.`remember_token` = ? LIMIT 1  [["remember_token", "da39a3ee5e6b4b0d3255bfef95601890afd80709"]]
  [1m[36mCACHE (0.0ms)[0m  [1mSELECT  `users`.* FROM `users` WHERE `users`.`remember_token` = ? LIMIT 1[0m  [["remember_token", "da39a3ee5e6b4b0d3255bfef95601890afd80709"]]
  Rendered static_pages/home.html.erb within layouts/application (0.5ms)
  Rendered layouts/_shim.html.erb (0.0ms)
  [1m[35mCACHE (0.0ms)[0m  SELECT  `users`.* FROM `users` WHERE `users`.`remember_token` = ? LIMIT 1  [["remember_token", "da39a3ee5e6b4b0d3255bfef95601890afd80709"]]
  Rendered layouts/_header.html.erb (0.9ms)
  Rendered layouts/_footer.html.erb (0.3ms)
Completed 200 OK in 4ms (Views: 3.1ms | ActiveRecord: 0.2ms)
Started GET "/tables" for 188.220.227.0 at 2016-03-24 21:26:01 +0000
Processing by StaticPagesController#tables as HTML
  Rendered static_pages/tables.html.erb within layouts/application (0.6ms)
  Rendered layouts/_shim.html.erb (0.3ms)
  [1m[35mUser Load (0.2ms)[0m  SELECT  `users`.* FROM `users` WHERE `users`.`remember_token` = ? LIMIT 1  [["remember_token", "da39a3ee5e6b4b0d3255bfef95601890afd80709"]]
  Rendered layouts/_header.html.erb (2.3ms)
  Rendered layouts/_footer.html.erb (0.9ms)
Completed 200 OK in 18ms (Views: 16.8ms | ActiveRecord: 0.2ms)
Started GET "/" for 188.220.227.0 at 2016-03-24 21:26:03 +0000
Processing by StaticPagesController#home as HTML
  [1m[36mUser Load (0.2ms)[0m  [1mSELECT  `users`.* FROM `users` WHERE `users`.`remember_token` = ? LIMIT 1[0m  [["remember_token", "da39a3ee5e6b4b0d3255bfef95601890afd80709"]]
  [1m[35mCACHE (0.0ms)[0m  SELECT  `users`.* FROM `users` WHERE `users`.`remember_token` = ? LIMIT 1  [["remember_token", "da39a3ee5e6b4b0d3255bfef95601890afd80709"]]
  Rendered static_pages/home.html.erb within layouts/application (0.3ms)
  Rendered layouts/_shim.html.erb (0.0ms)
  [1m[36mCACHE (0.0ms)[0m  [1mSELECT  `users`.* FROM `users` WHERE `users`.`remember_token` = ? LIMIT 1[0m  [["remember_token", "da39a3ee5e6b4b0d3255bfef95601890afd80709"]]
  Rendered layouts/_header.html.erb (0.7ms)
  Rendered layouts/_footer.html.erb (0.1ms)
Completed 200 OK in 4ms (Views: 3.2ms | ActiveRecord: 0.2ms)
Started GET "/" for 188.220.227.0 at 2016-03-24 21:26:30 +0000
Processing by StaticPagesController#home as HTML
  [1m[35mUser Load (0.2ms)[0m  SELECT  `users`.* FROM `users` WHERE `users`.`remember_token` = ? LIMIT 1  [["remember_token", "da39a3ee5e6b4b0d3255bfef95601890afd80709"]]
  [1m[36mCACHE (0.0ms)[0m  [1mSELECT  `users`.* FROM `users` WHERE `users`.`remember_token` = ? LIMIT 1[0m  [["remember_token", "da39a3ee5e6b4b0d3255bfef95601890afd80709"]]
  Rendered static_pages/home.html.erb within layouts/application (0.4ms)
  Rendered layouts/_shim.html.erb (0.0ms)
  [1m[35mCACHE (0.0ms)[0m  SELECT  `users`.* FROM `users` WHERE `users`.`remember_token` = ? LIMIT 1  [["remember_token", "da39a3ee5e6b4b0d3255bfef95601890afd80709"]]
  Rendered layouts/_header.html.erb (0.6ms)
  Rendered layouts/_footer.html.erb (0.1ms)
Completed 200 OK in 3ms (Views: 2.5ms | ActiveRecord: 0.2ms)
Started GET "/" for 188.220.227.0 at 2016-03-24 21:27:36 +0000
Processing by StaticPagesController#home as HTML
  [1m[36mUser Load (0.2ms)[0m  [1mSELECT  `users`.* FROM `users` WHERE `users`.`remember_token` = ? LIMIT 1[0m  [["remember_token", "da39a3ee5e6b4b0d3255bfef95601890afd80709"]]
  [1m[35mCACHE (0.0ms)[0m  SELECT  `users`.* FROM `users` WHERE `users`.`remember_token` = ? LIMIT 1  [["remember_token", "da39a3ee5e6b4b0d3255bfef95601890afd80709"]]
  Rendered static_pages/home.html.erb within layouts/application (0.6ms)
  Rendered layouts/_shim.html.erb (0.0ms)
  [1m[36mCACHE (0.0ms)[0m  [1mSELECT  `users`.* FROM `users` WHERE `users`.`remember_token` = ? LIMIT 1[0m  [["remember_token", "da39a3ee5e6b4b0d3255bfef95601890afd80709"]]
  Rendered layouts/_header.html.erb (0.7ms)
  Rendered layouts/_footer.html.erb (0.1ms)
Completed 200 OK in 4ms (Views: 3.3ms | ActiveRecord: 0.2ms)
Started GET "/fixtures" for 188.220.227.0 at 2016-03-24 21:27:45 +0000
Processing by StaticPagesController#fixtures as HTML
  Rendered static_pages/fixtures.html.erb within layouts/application (0.0ms)
  Rendered layouts/_shim.html.erb (0.0ms)
  [1m[35mUser Load (0.2ms)[0m  SELECT  `users`.* FROM `users` WHERE `users`.`remember_token` = ? LIMIT 1  [["remember_token", "da39a3ee5e6b4b0d3255bfef95601890afd80709"]]
  Rendered layouts/_header.html.erb (0.7ms)
  Rendered layouts/_footer.html.erb (0.1ms)
Completed 200 OK in 2ms (Views: 1.7ms | ActiveRecord: 0.2ms)
Started GET "/" for 188.220.227.0 at 2016-03-24 21:27:51 +0000
Processing by StaticPagesController#home as HTML
  [1m[36mUser Load (0.2ms)[0m  [1mSELECT  `users`.* FROM `users` WHERE `users`.`remember_token` = ? LIMIT 1[0m  [["remember_token", "da39a3ee5e6b4b0d3255bfef95601890afd80709"]]
  [1m[35mCACHE (0.0ms)[0m  SELECT  `users`.* FROM `users` WHERE `users`.`remember_token` = ? LIMIT 1  [["remember_token", "da39a3ee5e6b4b0d3255bfef95601890afd80709"]]
  Rendered static_pages/home.html.erb within layouts/application (0.4ms)
  Rendered layouts/_shim.html.erb (0.0ms)
  [1m[36mCACHE (0.0ms)[0m  [1mSELECT  `users`.* FROM `users` WHERE `users`.`remember_token` = ? LIMIT 1[0m  [["remember_token", "da39a3ee5e6b4b0d3255bfef95601890afd80709"]]
  Rendered layouts/_header.html.erb (0.6ms)
  Rendered layouts/_footer.html.erb (0.2ms)
Completed 200 OK in 3ms (Views: 2.2ms | ActiveRecord: 0.2ms)
Started GET "/fixtures" for 188.220.227.0 at 2016-03-24 21:27:53 +0000
Processing by StaticPagesController#fixtures as HTML
  Rendered static_pages/fixtures.html.erb within layouts/application (0.4ms)
  Rendered layouts/_shim.html.erb (0.0ms)
  [1m[35mUser Load (0.2ms)[0m  SELECT  `users`.* FROM `users` WHERE `users`.`remember_token` = ? LIMIT 1  [["remember_token", "da39a3ee5e6b4b0d3255bfef95601890afd80709"]]
  Rendered layouts/_header.html.erb (0.9ms)
  Rendered layouts/_footer.html.erb (0.1ms)
Completed 200 OK in 4ms (Views: 3.3ms | ActiveRecord: 0.2ms)
Started GET "/tables" for 188.220.227.0 at 2016-03-24 21:27:55 +0000
Processing by StaticPagesController#tables as HTML
  Rendered static_pages/tables.html.erb within layouts/application (0.1ms)
  Rendered layouts/_shim.html.erb (0.3ms)
  [1m[35mUser Load (0.2ms)[0m  SELECT  `users`.* FROM `users` WHERE `users`.`remember_token` = ? LIMIT 1  [["remember_token", "da39a3ee5e6b4b0d3255bfef95601890afd80709"]]
  Rendered layouts/_header.html.erb (1.3ms)
  Rendered layouts/_footer.html.erb (0.1ms)
Completed 200 OK in 4ms (Views: 3.1ms | ActiveRecord: 0.2ms)
Started GET "/signin" for 188.220.227.0 at 2016-03-24 21:27:56 +0000
Processing by SessionsController#new as HTML
  Rendered sessions/new.html.erb within layouts/application (693.5ms)
  Rendered layouts/_shim.html.erb (0.0ms)
  [1m[36mUser Load (0.2ms)[0m  [1mSELECT  `users`.* FROM `users` WHERE `users`.`remember_token` = ? LIMIT 1[0m  [["remember_token", "da39a3ee5e6b4b0d3255bfef95601890afd80709"]]
  Rendered layouts/_header.html.erb (0.8ms)
  Rendered layouts/_footer.html.erb (0.1ms)
Completed 200 OK in 709ms (Views: 708.7ms | ActiveRecord: 0.2ms)
Started GET "/" for 188.220.227.0 at 2016-03-24 21:27:58 +0000
Processing by StaticPagesController#home as HTML
  [1m[36mUser Load (0.2ms)[0m  [1mSELECT  `users`.* FROM `users` WHERE `users`.`remember_token` = ? LIMIT 1[0m  [["remember_token", "da39a3ee5e6b4b0d3255bfef95601890afd80709"]]
  [1m[35mCACHE (0.0ms)[0m  SELECT  `users`.* FROM `users` WHERE `users`.`remember_token` = ? LIMIT 1  [["remember_token", "da39a3ee5e6b4b0d3255bfef95601890afd80709"]]
  Rendered static_pages/home.html.erb within layouts/application (1.6ms)
  Rendered layouts/_shim.html.erb (0.0ms)
  [1m[36mCACHE (0.0ms)[0m  [1mSELECT  `users`.* FROM `users` WHERE `users`.`remember_token` = ? LIMIT 1[0m  [["remember_token", "da39a3ee5e6b4b0d3255bfef95601890afd80709"]]
  Rendered layouts/_header.html.erb (1.0ms)
  Rendered layouts/_footer.html.erb (0.4ms)
Completed 200 OK in 6ms (Views: 5.1ms | ActiveRecord: 0.2ms)
Started GET "/fixtures" for 188.220.227.0 at 2016-03-24 21:28:00 +0000
Processing by StaticPagesController#fixtures as HTML
  Rendered static_pages/fixtures.html.erb within layouts/application (0.1ms)
  Rendered layouts/_shim.html.erb (0.0ms)
  [1m[35mUser Load (0.2ms)[0m  SELECT  `users`.* FROM `users` WHERE `users`.`remember_token` = ? LIMIT 1  [["remember_token", "da39a3ee5e6b4b0d3255bfef95601890afd80709"]]
  Rendered layouts/_header.html.erb (0.7ms)
  Rendered layouts/_footer.html.erb (0.1ms)
Completed 200 OK in 3ms (Views: 1.9ms | ActiveRecord: 0.2ms)
Started GET "/tables" for 188.220.227.0 at 2016-03-24 21:28:01 +0000
Processing by StaticPagesController#tables as HTML
  Rendered static_pages/tables.html.erb within layouts/application (0.5ms)
  Rendered layouts/_shim.html.erb (0.0ms)
  [1m[35mUser Load (0.2ms)[0m  SELECT  `users`.* FROM `users` WHERE `users`.`remember_token` = ? LIMIT 1  [["remember_token", "da39a3ee5e6b4b0d3255bfef95601890afd80709"]]
  Rendered layouts/_header.html.erb (0.8ms)
  Rendered layouts/_footer.html.erb (0.1ms)
Completed 200 OK in 4ms (Views: 3.5ms | ActiveRecord: 0.2ms)
Started GET "/" for 188.220.227.0 at 2016-03-24 21:28:03 +0000
Processing by StaticPagesController#home as HTML
  [1m[36mUser Load (0.1ms)[0m  [1mSELECT  `users`.* FROM `users` WHERE `users`.`remember_token` = ? LIMIT 1[0m  [["remember_token", "da39a3ee5e6b4b0d3255bfef95601890afd80709"]]
  [1m[35mCACHE (0.0ms)[0m  SELECT  `users`.* FROM `users` WHERE `users`.`remember_token` = ? LIMIT 1  [["remember_token", "da39a3ee5e6b4b0d3255bfef95601890afd80709"]]
  Rendered static_pages/home.html.erb within layouts/application (0.3ms)
  Rendered layouts/_shim.html.erb (0.0ms)
  [1m[36mCACHE (0.0ms)[0m  [1mSELECT  `users`.* FROM `users` WHERE `users`.`remember_token` = ? LIMIT 1[0m  [["remember_token", "da39a3ee5e6b4b0d3255bfef95601890afd80709"]]
  Rendered layouts/_header.html.erb (0.5ms)
  Rendered layouts/_footer.html.erb (0.1ms)
Completed 200 OK in 3ms (Views: 2.0ms | ActiveRecord: 0.2ms)
Started GET "/" for 188.220.227.0 at 2016-03-24 21:28:45 +0000
Processing by StaticPagesController#home as HTML
  [1m[36mUser Load (0.1ms)[0m  [1mSELECT  `users`.* FROM `users` WHERE `users`.`remember_token` = ? LIMIT 1[0m  [["remember_token", "da39a3ee5e6b4b0d3255bfef95601890afd80709"]]
  [1m[35mCACHE (0.0ms)[0m  SELECT  `users`.* FROM `users` WHERE `users`.`remember_token` = ? LIMIT 1  [["remember_token", "da39a3ee5e6b4b0d3255bfef95601890afd80709"]]
  Rendered static_pages/home.html.erb within layouts/application (0.4ms)
  Rendered layouts/_shim.html.erb (0.0ms)
  [1m[36mCACHE (0.0ms)[0m  [1mSELECT  `users`.* FROM `users` WHERE `users`.`remember_token` = ? LIMIT 1[0m  [["remember_token", "da39a3ee5e6b4b0d3255bfef95601890afd80709"]]
  Rendered layouts/_header.html.erb (0.5ms)
  Rendered layouts/_footer.html.erb (0.1ms)
Completed 200 OK in 3ms (Views: 2.0ms | ActiveRecord: 0.2ms)
Started GET "/testproxy.php" for 91.196.50.33 at 2016-03-24 21:32:04 +0000

ActionController::RoutingError (No route matches [GET] "/testproxy.php"):
  actionpack (4.2.4) lib/action_dispatch/middleware/debug_exceptions.rb:21:in `call'
  actionpack (4.2.4) lib/action_dispatch/middleware/show_exceptions.rb:30:in `call'
  railties (4.2.4) lib/rails/rack/logger.rb:38:in `call_app'
  railties (4.2.4) lib/rails/rack/logger.rb:20:in `block in call'
  activesupport (4.2.4) lib/active_support/tagged_logging.rb:68:in `block in tagged'
  activesupport (4.2.4) lib/active_support/tagged_logging.rb:26:in `tagged'
  activesupport (4.2.4) lib/active_support/tagged_logging.rb:68:in `tagged'
  railties (4.2.4) lib/rails/rack/logger.rb:20:in `call'
  actionpack (4.2.4) lib/action_dispatch/middleware/request_id.rb:21:in `call'
  rack (1.6.4) lib/rack/methodoverride.rb:22:in `call'
  rack (1.6.4) lib/rack/runtime.rb:18:in `call'
  activesupport (4.2.4) lib/active_support/cache/strategy/local_cache_middleware.rb:28:in `call'
  actionpack (4.2.4) lib/action_dispatch/middleware/static.rb:116:in `call'
  rack (1.6.4) lib/rack/sendfile.rb:113:in `call'
  railties (4.2.4) lib/rails/engine.rb:518:in `call'
  railties (4.2.4) lib/rails/application.rb:165:in `call'
  unicorn (5.0.1) lib/unicorn/http_server.rb:562:in `process_client'
  unicorn (5.0.1) lib/unicorn/http_server.rb:658:in `worker_loop'
  unicorn (5.0.1) lib/unicorn/http_server.rb:508:in `spawn_missing_workers'
  unicorn (5.0.1) lib/unicorn/http_server.rb:132:in `start'
  unicorn (5.0.1) bin/unicorn:126:in `<top (required)>'
  /home/fifa/.rbenv/versions/2.2.3/bin/unicorn:23:in `load'
  /home/fifa/.rbenv/versions/2.2.3/bin/unicorn:23:in `<main>'


